2024-10-16 14:57:35,376 INFO [main] c.x.j.e.XxlJobExecutorApplication [StartupInfoLogger.java : 55] Starting XxlJobExecutorApplication using Java 1.8.0_192 on geekcode with PID 32838 (/home/geekcode/IdeaProjects/daijia_work/xxl-job-master/xxl-job-executor-samples/xxl-job-executor-sample-springboot/target/classes started by geekcode in /home/geekcode/IdeaProjects/daijia_work/xxl-job-master)
2024-10-16 14:57:35,380 INFO [main] c.x.j.e.XxlJobExecutorApplication [SpringApplication.java : 660] No active profile set, falling back to default profiles: default
2024-10-16 14:57:36,532 INFO [main] o.s.b.w.e.tomcat.TomcatWebServer [TomcatWebServer.java : 108] Tomcat initialized with port(s): 8281 (http)
2024-10-16 14:57:36,542 INFO [main] o.a.coyote.http11.Http11NioProtocol [DirectJDKLog.java : 173] Initializing ProtocolHandler ["http-nio-8281"]
2024-10-16 14:57:36,542 INFO [main] o.a.catalina.core.StandardService [DirectJDKLog.java : 173] Starting service [Tomcat]
2024-10-16 14:57:36,543 INFO [main] o.a.catalina.core.StandardEngine [DirectJDKLog.java : 173] Starting Servlet engine: [Apache Tomcat/9.0.41]
2024-10-16 14:57:36,601 INFO [main] o.a.c.c.C.[Tomcat].[localhost].[/] [DirectJDKLog.java : 173] Initializing Spring embedded WebApplicationContext
2024-10-16 14:57:36,601 INFO [main] o.s.b.w.s.c.ServletWebServerApplicationContext [ServletWebServerApplicationContext.java : 289] Root WebApplicationContext: initialization completed in 945 ms
2024-10-16 14:57:36,667 INFO [main] c.x.j.e.core.config.XxlJobConfig [XxlJobConfig.java : 46] >>>>>>>>>>> xxl-job config init.
2024-10-16 14:57:36,828 INFO [main] o.s.s.c.ThreadPoolTaskExecutor [ExecutorConfigurationSupport.java : 181] Initializing ExecutorService 'applicationTaskExecutor'
2024-10-16 14:57:37,038 INFO [main] c.x.job.core.executor.XxlJobExecutor [XxlJobExecutor.java : 178] >>>>>>>>>>> xxl-job register jobhandler success, name:demoJobHandler, jobHandler:com.xxl.job.core.handler.impl.MethodJobHandler@58af5076[class com.xxl.job.executor.service.jobhandler.SampleXxlJob#demoJobHandler]
2024-10-16 14:57:37,039 INFO [main] c.x.job.core.executor.XxlJobExecutor [XxlJobExecutor.java : 178] >>>>>>>>>>> xxl-job register jobhandler success, name:shardingJobHandler, jobHandler:com.xxl.job.core.handler.impl.MethodJobHandler@58b5a2f3[class com.xxl.job.executor.service.jobhandler.SampleXxlJob#shardingJobHandler]
2024-10-16 14:57:37,039 INFO [main] c.x.job.core.executor.XxlJobExecutor [XxlJobExecutor.java : 178] >>>>>>>>>>> xxl-job register jobhandler success, name:httpJobHandler, jobHandler:com.xxl.job.core.handler.impl.MethodJobHandler@25f15f50[class com.xxl.job.executor.service.jobhandler.SampleXxlJob#httpJobHandler]
2024-10-16 14:57:37,039 INFO [main] c.x.job.core.executor.XxlJobExecutor [XxlJobExecutor.java : 178] >>>>>>>>>>> xxl-job register jobhandler success, name:demoJobHandler2, jobHandler:com.xxl.job.core.handler.impl.MethodJobHandler@52b46d52[class com.xxl.job.executor.service.jobhandler.SampleXxlJob#demoJobHandler2]
2024-10-16 14:57:37,039 INFO [main] c.x.job.core.executor.XxlJobExecutor [XxlJobExecutor.java : 178] >>>>>>>>>>> xxl-job register jobhandler success, name:commandJobHandler, jobHandler:com.xxl.job.core.handler.impl.MethodJobHandler@7327a447[class com.xxl.job.executor.service.jobhandler.SampleXxlJob#commandJobHandler]
2024-10-16 14:57:37,108 WARN [main] c.x.job.core.executor.XxlJobExecutor [XxlJobExecutor.java : 152] >>>>>>>>>>> xxl-job accessToken is empty. To ensure system security, please set the accessToken.
2024-10-16 14:57:37,116 INFO [main] o.a.coyote.http11.Http11NioProtocol [DirectJDKLog.java : 173] Starting ProtocolHandler ["http-nio-8281"]
2024-10-16 14:57:37,134 INFO [main] o.s.b.w.e.tomcat.TomcatWebServer [TomcatWebServer.java : 220] Tomcat started on port(s): 8281 (http) with context path ''
2024-10-16 14:57:37,146 INFO [main] c.x.j.e.XxlJobExecutorApplication [StartupInfoLogger.java : 61] Started XxlJobExecutorApplication in 2.237 seconds (JVM running for 2.974)
2024-10-16 14:57:37,289 INFO [Thread-9] com.xxl.job.core.server.EmbedServer [EmbedServer.java : 86] >>>>>>>>>>> xxl-job remoting server start success, nettype = class com.xxl.job.core.server.EmbedServer, port = 9999
2024-10-16 15:18:51,574 INFO [xxl-rpc, EmbedServer bizThreadPool-546828710] c.x.job.core.executor.XxlJobExecutor [XxlJobExecutor.java : 188] >>>>>>>>>>> xxl-job regist JobThread success, jobId:2, handler:com.xxl.job.core.handler.impl.MethodJobHandler@58af5076[class com.xxl.job.executor.service.jobhandler.SampleXxlJob#demoJobHandler]
2024-10-16 15:22:12,293 INFO [Thread-16] com.xxl.job.core.thread.JobThread [JobThread.java : 247] >>>>>>>>>>> xxl-job JobThread stoped, hashCode:Thread[Thread-16,10,main]
2024-10-16 15:44:02,607 INFO [SpringContextShutdownHook] o.s.s.c.ThreadPoolTaskExecutor [ExecutorConfigurationSupport.java : 218] Shutting down ExecutorService 'applicationTaskExecutor'
2024-10-16 15:44:02,608 INFO [Thread-9] com.xxl.job.core.server.EmbedServer [EmbedServer.java : 96] >>>>>>>>>>> xxl-job remoting server stop.
2024-10-16 15:44:02,623 INFO [xxl-job, executor ExecutorRegistryThread] c.x.j.c.t.ExecutorRegistryThread [ExecutorRegistryThread.java : 87] >>>>>>>>>>> xxl-job registry-remove success, registryParam:RegistryParam{registryGroup='EXECUTOR', registryKey='xxl-job-executor-sample', registryValue='http://192.168.2.4:9999/'}, registryResult:ReturnT [code=200, msg=null, content=null]
2024-10-16 15:44:02,624 INFO [xxl-job, executor ExecutorRegistryThread] c.x.j.c.t.ExecutorRegistryThread [ExecutorRegistryThread.java : 105] >>>>>>>>>>> xxl-job, executor registry thread destory.
2024-10-16 15:44:02,624 INFO [SpringContextShutdownHook] com.xxl.job.core.server.EmbedServer [EmbedServer.java : 125] >>>>>>>>>>> xxl-job remoting server destroy success.
2024-10-16 15:44:02,626 INFO [xxl-job, executor JobLogFileCleanThread] c.x.j.c.thread.JobLogFileCleanThread [JobLogFileCleanThread.java : 99] >>>>>>>>>>> xxl-job, executor JobLogFileCleanThread thread destory.
2024-10-16 15:44:02,627 INFO [xxl-job, executor TriggerCallbackThread] c.x.j.c.thread.TriggerCallbackThread [TriggerCallbackThread.java : 98] >>>>>>>>>>> xxl-job, executor callback thread destory.
2024-10-16 15:44:02,630 INFO [Thread-8] c.x.j.c.thread.TriggerCallbackThread [TriggerCallbackThread.java : 128] >>>>>>>>>>> xxl-job, executor retry callback thread destory.
